2023-05-22 18:06:57,093 instanceGen.py:: time-step:0 main
2023-05-22 18:06:57,093 instanceGen.py:: time-step:0 createGraph
2023-05-22 18:06:58,324 simMain.py: time-step:0 startSimulation
2023-05-22 18:06:58,324 simMain.py: time-step:0 initHeap
2023-05-22 18:06:58,324 simMain.py: time-step:0 initSimClock
2023-05-22 18:06:58,324 simMain.py: time-step:0 initRoutine
2023-05-22 18:06:58,324 simMain.py: time-step:0 initCloudlets
2023-05-22 18:06:58,324 simMain.py: time-step:0 initUsers
2023-05-22 18:06:58,325 simMain.py: time-step:0 initialAllocation
2023-05-22 18:06:58,325 simMain.py: time-step:0 triggerUserPathEvents
2023-05-22 18:06:58,333 sim_utils.py: time-step:0 calcTimeToExec
2023-05-22 18:06:58,346 sim_utils.py: time-step:0 calcTimeToExec
2023-05-22 18:06:58,355 sim_utils.py: time-step:0 calcTimeToExec
2023-05-22 18:06:58,369 sim_utils.py: time-step:0 calcTimeToExec
2023-05-22 18:06:58,382 sim_utils.py: time-step:0 calcTimeToExec
2023-05-22 18:06:58,399 sim_utils.py: time-step:0 calcTimeToExec
2023-05-22 18:06:58,406 sim_utils.py: time-step:0 calcTimeToExec
2023-05-22 18:06:58,412 sim_utils.py: time-step:0 calcTimeToExec
2023-05-22 18:06:58,427 sim_utils.py: time-step:0 calcTimeToExec
2023-05-22 18:06:58,438 sim_utils.py: time-step:0 calcTimeToExec
2023-05-22 18:06:58,450 sim_utils.py: time-step:0 calcTimeToExec
2023-05-22 18:06:58,467 sim_utils.py: time-step:0 calcTimeToExec
2023-05-22 18:06:58,483 sim_utils.py: time-step:0 calcTimeToExec
2023-05-22 18:06:58,496 sim_utils.py: time-step:0 calcTimeToExec
2023-05-22 18:06:58,502 sim_utils.py: time-step:0 calcTimeToExec
2023-05-22 18:06:58,519 sim_utils.py: time-step:0 calcTimeToExec
2023-05-22 18:06:58,534 sim_utils.py: time-step:0 calcTimeToExec
2023-05-22 18:06:58,538 sim_utils.py: time-step:0 calcTimeToExec
2023-05-22 18:06:58,553 sim_utils.py: time-step:0 calcTimeToExec
2023-05-22 18:06:58,560 sim_utils.py: time-step:0 calcTimeToExec
2023-05-22 18:06:58,577 sim_utils.py: time-step:0 calcTimeToExec
2023-05-22 18:06:58,590 sim_utils.py: time-step:0 calcTimeToExec
2023-05-22 18:06:58,609 sim_utils.py: time-step:0 calcTimeToExec
2023-05-22 18:06:58,635 sim_utils.py: time-step:0 calcTimeToExec
2023-05-22 18:06:58,645 sim_utils.py: time-step:0 calcTimeToExec
2023-05-22 18:06:58,662 sim_utils.py: time-step:0 calcTimeToExec
2023-05-22 18:06:58,669 sim_utils.py: time-step:0 calcTimeToExec
2023-05-22 18:06:58,686 sim_utils.py: time-step:0 calcTimeToExec
2023-05-22 18:06:58,696 sim_utils.py: time-step:0 calcTimeToExec
2023-05-22 18:06:58,702 sim_utils.py: time-step:0 calcTimeToExec
2023-05-22 18:06:58,717 sim_utils.py: time-step:0 calcTimeToExec
2023-05-22 18:06:58,731 sim_utils.py: time-step:0 calcTimeToExec
2023-05-22 18:06:58,747 sim_utils.py: time-step:0 calcTimeToExec
2023-05-22 18:06:58,760 sim_utils.py: time-step:0 calcTimeToExec
2023-05-22 18:06:58,768 sim_utils.py: time-step:0 calcTimeToExec
2023-05-22 18:06:58,782 sim_utils.py: time-step:0 calcTimeToExec
2023-05-22 18:06:58,794 sim_utils.py: time-step:0 calcTimeToExec
2023-05-22 18:06:58,810 sim_utils.py: time-step:0 calcTimeToExec
2023-05-22 18:06:58,823 sim_utils.py: time-step:0 calcTimeToExec
2023-05-22 18:06:58,839 sim_utils.py: time-step:0 calcTimeToExec
2023-05-22 18:06:58,856 sim_utils.py: time-step:0 calcTimeToExec
2023-05-22 18:06:58,863 sim_utils.py: time-step:0 calcTimeToExec
2023-05-22 18:06:58,873 sim_utils.py: time-step:0 calcTimeToExec
2023-05-22 18:06:58,900 sim_utils.py: time-step:0 calcTimeToExec
2023-05-22 18:06:58,917 sim_utils.py: time-step:0 calcTimeToExec
2023-05-22 18:06:58,931 sim_utils.py: time-step:0 calcTimeToExec
2023-05-22 18:06:58,950 sim_utils.py: time-step:0 calcTimeToExec
2023-05-22 18:06:58,967 sim_utils.py: time-step:0 calcTimeToExec
2023-05-22 18:06:58,976 sim_utils.py: time-step:0 calcTimeToExec
2023-05-22 18:06:58,989 sim_utils.py: time-step:0 calcTimeToExec
2023-05-22 18:06:59,008 sim_utils.py: time-step:0 calcTimeToExec
2023-05-22 18:06:59,025 sim_utils.py: time-step:0 calcTimeToExec
2023-05-22 18:06:59,044 sim_utils.py: time-step:0 calcTimeToExec
2023-05-22 18:06:59,057 sim_utils.py: time-step:0 calcTimeToExec
2023-05-22 18:06:59,079 sim_utils.py: time-step:0 calcTimeToExec
2023-05-22 18:06:59,088 sim_utils.py: time-step:0 calcTimeToExec
2023-05-22 18:06:59,099 sim_utils.py: time-step:0 calcTimeToExec
2023-05-22 18:06:59,116 sim_utils.py: time-step:0 calcTimeToExec
2023-05-22 18:06:59,125 sim_utils.py: time-step:0 calcTimeToExec
2023-05-22 18:06:59,141 sim_utils.py: time-step:0 calcTimeToExec
2023-05-22 18:06:59,148 sim_utils.py: time-step:0 calcTimeToExec
2023-05-22 18:06:59,158 sim_utils.py: time-step:0 calcTimeToExec
2023-05-22 18:06:59,176 sim_utils.py: time-step:0 calcTimeToExec
2023-05-22 18:06:59,185 sim_utils.py: time-step:0 calcTimeToExec
2023-05-22 18:06:59,202 sim_utils.py: time-step:0 calcTimeToExec
2023-05-22 18:06:59,218 sim_utils.py: time-step:0 calcTimeToExec
2023-05-22 18:06:59,237 sim_utils.py: time-step:0 calcTimeToExec
2023-05-22 18:06:59,246 sim_utils.py: time-step:0 calcTimeToExec
2023-05-22 18:06:59,261 sim_utils.py: time-step:0 calcTimeToExec
2023-05-22 18:06:59,272 sim_utils.py: time-step:0 calcTimeToExec
2023-05-22 18:06:59,283 sim_utils.py: time-step:0 calcTimeToExec
2023-05-22 18:06:59,297 sim_utils.py: time-step:0 calcTimeToExec
2023-05-22 18:06:59,305 sim_utils.py: time-step:0 calcTimeToExec
2023-05-22 18:06:59,321 sim_utils.py: time-step:0 calcTimeToExec
2023-05-22 18:06:59,333 sim_utils.py: time-step:0 calcTimeToExec
2023-05-22 18:06:59,352 sim_utils.py: time-step:0 calcTimeToExec
2023-05-22 18:06:59,361 sim_utils.py: time-step:0 calcTimeToExec
2023-05-22 18:06:59,372 sim_utils.py: time-step:0 calcTimeToExec
2023-05-22 18:06:59,386 sim_utils.py: time-step:0 calcTimeToExec
2023-05-22 18:06:59,400 sim_utils.py: time-step:0 calcTimeToExec
2023-05-22 18:06:59,424 sim_utils.py: time-step:0 calcTimeToExec
2023-05-22 18:06:59,432 sim_utils.py: time-step:0 calcTimeToExec
2023-05-22 18:06:59,442 sim_utils.py: time-step:0 calcTimeToExec
2023-05-22 18:06:59,447 sim_utils.py: time-step:0 calcTimeToExec
2023-05-22 18:06:59,461 sim_utils.py: time-step:0 calcTimeToExec
2023-05-22 18:06:59,468 sim_utils.py: time-step:0 calcTimeToExec
2023-05-22 18:06:59,485 sim_utils.py: time-step:0 calcTimeToExec
2023-05-22 18:06:59,494 sim_utils.py: time-step:0 calcTimeToExec
2023-05-22 18:06:59,500 sim_utils.py: time-step:0 calcTimeToExec
2023-05-22 18:06:59,516 sim_utils.py: time-step:0 calcTimeToExec
2023-05-22 18:06:59,536 sim_utils.py: time-step:0 calcTimeToExec
2023-05-22 18:06:59,542 sim_utils.py: time-step:0 calcTimeToExec
2023-05-22 18:06:59,551 sim_utils.py: time-step:0 calcTimeToExec
2023-05-22 18:06:59,562 sim_utils.py: time-step:0 calcTimeToExec
2023-05-22 18:06:59,577 sim_utils.py: time-step:0 calcTimeToExec
2023-05-22 18:06:59,599 sim_utils.py: time-step:0 calcTimeToExec
2023-05-22 18:06:59,617 sim_utils.py: time-step:0 calcTimeToExec
2023-05-22 18:06:59,632 sim_utils.py: time-step:0 calcTimeToExec
2023-05-22 18:06:59,646 sim_utils.py: time-step:0 calcTimeToExec
2023-05-22 18:06:59,662 sim_utils.py: time-step:0 calcTimeToExec
2023-05-22 18:06:59,662 simMain.py: time-step:0 timingRoutine
2023-05-22 18:06:59,662 simMain.py: time-step:0 invokeRoutine
2023-05-22 18:06:59,662 simMain.py: time-step:0 CALLING EVENT  Event.INITIAL_ALLOCATION
2023-05-22 18:06:59,662 event.py: time-step:0 execEvent
2023-05-22 18:06:59,662 event.py: time-step:0 optimizeAlloc
2023-05-22 18:06:59,662 event.py: time-step:0 findUserPosition
2023-05-22 18:06:59,663 event.py: time-step:0 findUserPosition
2023-05-22 18:06:59,665 event.py: time-step:0 findUserPosition
2023-05-22 18:06:59,665 event.py: time-step:0 findUserPosition
2023-05-22 18:06:59,667 event.py: time-step:0 findUserPosition
2023-05-22 18:06:59,669 event.py: time-step:0 findUserPosition
2023-05-22 18:06:59,670 event.py: time-step:0 findUserPosition
2023-05-22 18:06:59,670 event.py: time-step:0 findUserPosition
2023-05-22 18:06:59,671 event.py: time-step:0 findUserPosition
2023-05-22 18:06:59,672 event.py: time-step:0 findUserPosition
2023-05-22 18:06:59,673 event.py: time-step:0 findUserPosition
2023-05-22 18:06:59,674 event.py: time-step:0 findUserPosition
2023-05-22 18:06:59,675 event.py: time-step:0 findUserPosition
2023-05-22 18:06:59,676 event.py: time-step:0 findUserPosition
2023-05-22 18:06:59,677 event.py: time-step:0 findUserPosition
2023-05-22 18:06:59,678 event.py: time-step:0 findUserPosition
2023-05-22 18:06:59,678 event.py: time-step:0 findUserPosition
2023-05-22 18:06:59,680 event.py: time-step:0 findUserPosition
2023-05-22 18:06:59,680 event.py: time-step:0 findUserPosition
2023-05-22 18:06:59,681 event.py: time-step:0 findUserPosition
2023-05-22 18:06:59,681 event.py: time-step:0 findUserPosition
2023-05-22 18:06:59,683 event.py: time-step:0 findUserPosition
2023-05-22 18:06:59,683 event.py: time-step:0 findUserPosition
2023-05-22 18:06:59,684 event.py: time-step:0 findUserPosition
2023-05-22 18:06:59,685 event.py: time-step:0 findUserPosition
2023-05-22 18:06:59,686 event.py: time-step:0 findUserPosition
2023-05-22 18:06:59,687 event.py: time-step:0 findUserPosition
2023-05-22 18:06:59,687 event.py: time-step:0 findUserPosition
2023-05-22 18:06:59,688 event.py: time-step:0 findUserPosition
2023-05-22 18:06:59,689 event.py: time-step:0 findUserPosition
2023-05-22 18:06:59,689 event.py: time-step:0 findUserPosition
2023-05-22 18:06:59,691 event.py: time-step:0 findUserPosition
2023-05-22 18:06:59,693 event.py: time-step:0 findUserPosition
2023-05-22 18:06:59,694 event.py: time-step:0 findUserPosition
2023-05-22 18:06:59,696 event.py: time-step:0 findUserPosition
2023-05-22 18:06:59,696 event.py: time-step:0 findUserPosition
2023-05-22 18:06:59,697 event.py: time-step:0 findUserPosition
2023-05-22 18:06:59,698 event.py: time-step:0 findUserPosition
2023-05-22 18:06:59,698 event.py: time-step:0 findUserPosition
2023-05-22 18:06:59,699 event.py: time-step:0 findUserPosition
2023-05-22 18:06:59,700 event.py: time-step:0 findUserPosition
2023-05-22 18:06:59,701 event.py: time-step:0 findUserPosition
2023-05-22 18:06:59,702 event.py: time-step:0 findUserPosition
2023-05-22 18:06:59,703 event.py: time-step:0 findUserPosition
2023-05-22 18:06:59,705 event.py: time-step:0 findUserPosition
2023-05-22 18:06:59,706 event.py: time-step:0 findUserPosition
2023-05-22 18:06:59,707 event.py: time-step:0 findUserPosition
2023-05-22 18:06:59,708 event.py: time-step:0 findUserPosition
2023-05-22 18:06:59,709 event.py: time-step:0 findUserPosition
2023-05-22 18:06:59,710 event.py: time-step:0 findUserPosition
2023-05-22 18:06:59,711 event.py: time-step:0 findUserPosition
2023-05-22 18:06:59,712 event.py: time-step:0 findUserPosition
2023-05-22 18:06:59,713 event.py: time-step:0 findUserPosition
2023-05-22 18:06:59,714 event.py: time-step:0 findUserPosition
2023-05-22 18:06:59,715 event.py: time-step:0 findUserPosition
2023-05-22 18:06:59,717 event.py: time-step:0 findUserPosition
2023-05-22 18:06:59,719 event.py: time-step:0 findUserPosition
2023-05-22 18:06:59,719 event.py: time-step:0 findUserPosition
2023-05-22 18:06:59,720 event.py: time-step:0 findUserPosition
2023-05-22 18:06:59,720 event.py: time-step:0 findUserPosition
2023-05-22 18:06:59,721 event.py: time-step:0 findUserPosition
2023-05-22 18:06:59,721 event.py: time-step:0 findUserPosition
2023-05-22 18:06:59,722 event.py: time-step:0 findUserPosition
2023-05-22 18:06:59,723 event.py: time-step:0 findUserPosition
2023-05-22 18:06:59,724 event.py: time-step:0 findUserPosition
2023-05-22 18:06:59,724 event.py: time-step:0 findUserPosition
2023-05-22 18:06:59,725 event.py: time-step:0 findUserPosition
2023-05-22 18:06:59,726 event.py: time-step:0 findUserPosition
2023-05-22 18:06:59,726 event.py: time-step:0 findUserPosition
2023-05-22 18:06:59,727 event.py: time-step:0 findUserPosition
2023-05-22 18:06:59,728 event.py: time-step:0 findUserPosition
2023-05-22 18:06:59,729 event.py: time-step:0 findUserPosition
2023-05-22 18:06:59,729 event.py: time-step:0 findUserPosition
2023-05-22 18:06:59,730 event.py: time-step:0 findUserPosition
2023-05-22 18:06:59,731 event.py: time-step:0 findUserPosition
2023-05-22 18:06:59,731 event.py: time-step:0 findUserPosition
2023-05-22 18:06:59,732 event.py: time-step:0 findUserPosition
2023-05-22 18:06:59,733 event.py: time-step:0 findUserPosition
2023-05-22 18:06:59,733 event.py: time-step:0 findUserPosition
2023-05-22 18:06:59,734 event.py: time-step:0 findUserPosition
2023-05-22 18:06:59,735 event.py: time-step:0 findUserPosition
2023-05-22 18:06:59,736 event.py: time-step:0 findUserPosition
2023-05-22 18:06:59,737 event.py: time-step:0 findUserPosition
2023-05-22 18:06:59,738 event.py: time-step:0 findUserPosition
2023-05-22 18:06:59,739 event.py: time-step:0 findUserPosition
2023-05-22 18:06:59,740 event.py: time-step:0 findUserPosition
2023-05-22 18:06:59,741 event.py: time-step:0 findUserPosition
2023-05-22 18:06:59,741 event.py: time-step:0 findUserPosition
2023-05-22 18:06:59,742 event.py: time-step:0 findUserPosition
2023-05-22 18:06:59,743 event.py: time-step:0 findUserPosition
2023-05-22 18:06:59,743 event.py: time-step:0 findUserPosition
2023-05-22 18:06:59,744 event.py: time-step:0 findUserPosition
2023-05-22 18:06:59,745 event.py: time-step:0 findUserPosition
2023-05-22 18:06:59,745 event.py: time-step:0 findUserPosition
2023-05-22 18:06:59,746 event.py: time-step:0 findUserPosition
2023-05-22 18:06:59,748 event.py: time-step:0 findUserPosition
2023-05-22 18:06:59,749 event.py: time-step:0 findUserPosition
2023-05-22 18:06:59,750 event.py: time-step:0 findUserPosition
2023-05-22 18:06:59,751 event.py: time-step:0 findUserPosition
2023-05-22 18:06:59,753 event.py: time-step:0 findUserPosition
2023-05-22 18:07:07,880 event.py: time-step:0 allocationAlgorithm
2023-05-22 18:07:07,881 greedyAlloc_QT.py: time-step:0 greedyAlloc
2023-05-22 18:07:12,495 greedyAlloc_QT.py: time-step:0 elapsed loop time: 4.613879442214966
2023-05-22 18:07:12,495 greedyAlloc_QT.py: time-step:0 elapsed total time: 4.614541530609131
2023-05-22 18:07:12,495 greedyAlloc_QT.py: time-step:0 allocated users / total users: 86 / 100
2023-05-22 18:07:12,495 greedyAlloc_QT.py: time-step:0 allocated users: [('v20', 'gp1', 'c152'), ('v6', 'gp1', 'c112'), ('v41', 'gp1', 'c152'), ('v54', 'gp1', 'c60'), ('v75', 'gp1', 'c194'), ('v89', 'gp1', 'c0'), ('v7', 'gp1', 'c112'), ('v60', 'gp1', 'c0'), ('v52', 'gp1', 'c60'), ('v49', 'gp1', 'c60'), ('v34', 'gp1', 'c250'), ('v13', 'gp1', 'c152'), ('v27', 'gp1', 'c0'), ('v33', 'gp1', 'c60'), ('v55', 'gp1', 'c60'), ('v87', 'gp1', 'c112'), ('v72', 'gp1', 'c112'), ('v85', 'gp1', 'c0'), ('v71', 'gp1', 'c194'), ('v97', 'gp1', 'c0'), ('v47', 'gp1', 'c194'), ('v19', 'gp1', 'c0'), ('v61', 'gp1', 'c112'), ('v32', 'gp2', 'c60'), ('v79', 'gp2', 'c250'), ('v68', 'gp2', 'c152'), ('v18', 'gp2', 'c250'), ('v76', 'gp2', 'c0'), ('v3', 'gp2', 'c60'), ('v29', 'gp2', 'c112'), ('v95', 'gp2', 'c60'), ('v10', 'gp2', 'c250'), ('v56', 'gp2', 'c0'), ('v48', 'gp2', 'c0'), ('v1', 'gp2', 'c60'), ('v78', 'gp2', 'c152'), ('v91', 'gp2', 'c112'), ('v59', 'gp2', 'c250'), ('v50', 'gp2', 'c194'), ('v58', 'gp2', 'c250'), ('v4', 'gp2', 'c60'), ('v84', 'gp2', 'c0'), ('v39', 'gp2', 'c0'), ('v63', 'gp2', 'c250'), ('v64', 'gp2', 'c194'), ('v25', 'gp2', 'c194'), ('v46', 'gp2', 'c60'), ('v9', 'gp2', 'c60'), ('v36', 'gp2', 'c112'), ('v90', 'gp2', 'c250'), ('v65', 'gp2', 'c152'), ('v70', 'gp2', 'c194'), ('v77', 'gp2', 'c194'), ('v40', 'cpuIntensive', 'c0'), ('v22', 'cpuIntensive', 'c250'), ('v73', 'cpuIntensive', 'c1'), ('v80', 'cpuIntensive', 'c61'), ('v92', 'cpuIntensive', 'c112'), ('v42', 'cpuIntensive', 'c152'), ('v5', 'cpuIntensive', 'c152'), ('v38', 'cpuIntensive', 'c153'), ('v26', 'cpuIntensive', 'c113'), ('v44', 'cpuIntensive', 'c153'), ('v24', 'cpuIntensive', 'c113'), ('v0', 'cpuIntensive', 'c1'), ('v14', 'cpuIntensive', 'c113'), ('v45', 'cpuIntensive', 'c1'), ('v96', 'cpuIntensive', 'c153'), ('v86', 'cpuIntensive', 'c2'), ('v74', 'cpuIntensive', 'c194'), ('v67', 'cpuIntensive', 'c114'), ('v2', 'cpuIntensive', 'c114'), ('v62', 'cpuIntensive', 'c154'), ('v21', 'cpuIntensive', 'c114'), ('v66', 'cpuIntensive', 'c253'), ('v94', 'cpuIntensive', 'c154'), ('v99', 'cpuIntensive', 'c2'), ('v98', 'ramIntensive', 'c61'), ('v35', 'ramIntensive', 'c2'), ('v11', 'ramIntensive', 'c154'), ('v57', 'ramIntensive', 'c253'), ('v23', 'ramIntensive', 'c61'), ('v30', 'ramIntensive', 'c62'), ('v37', 'ramIntensive', 'c253'), ('v51', 'ramIntensive', 'c58'), ('v31', 'ramIntensive', 'c62')]
2023-05-22 18:07:20,588 greedyAlloc_QT.py: time-step:0 pricing
2023-05-22 18:07:30,290 greedyAlloc_QT.py: time-step:0 price > bid? False
2023-05-22 18:07:30,290 greedyAlloc_QT.py: time-step:0 w[0].bid/w[0].maxReq: 2842.377260981912
2023-05-22 18:07:30,290 greedyAlloc_QT.py: time-step:0 w[0].maxReq: 0.0387
2023-05-22 18:07:30,290 greedyAlloc_QT.py: time-step:0 w[0].price: 0 and w[0].bid: 110
2023-05-22 18:07:30,290 greedyAlloc_QT.py: time-step:0  
