2023-04-06 16:37:11,736 simMain.py: time-step:0 main
2023-04-06 16:37:11,736 instanceGen.py:: time-step:0 main
2023-04-06 16:37:11,736 instanceGen.py:: time-step:0 createGraph
2023-04-06 16:37:13,234 simMain.py: time-step:0 startSimulation
2023-04-06 16:37:13,234 simMain.py: time-step:0 initHeap
2023-04-06 16:37:13,234 simMain.py: time-step:0 initSimClock
2023-04-06 16:37:13,234 simMain.py: time-step:0 initRoutine
2023-04-06 16:37:13,234 simMain.py: time-step:0 initCloudlets
2023-04-06 16:37:14,204 simMain.py: time-step:0 initUsers
2023-04-06 16:37:14,205 simMain.py: time-step:0 initialAllocation
2023-04-06 16:37:14,205 simMain.py: time-step:0 triggerUserPathEvents
2023-04-06 16:37:14,214 sim_utils.py: time-step:0 calcTimeToExec
2023-04-06 16:37:14,249 sim_utils.py: time-step:0 calcTimeToExec
2023-04-06 16:37:14,286 sim_utils.py: time-step:0 calcTimeToExec
2023-04-06 16:37:14,306 sim_utils.py: time-step:0 calcTimeToExec
2023-04-06 16:37:14,307 simMain.py: time-step:0 timingRoutine
2023-04-06 16:37:14,307 simMain.py: time-step:0 invokeRoutine
2023-04-06 16:37:14,307 simMain.py: time-step:0 CALLING EVENT  Event.INITIAL_ALLOCATION
2023-04-06 16:37:14,307 event.py: time-step:0 execEvent
2023-04-06 16:37:14,307 event.py: time-step:0 initialAlloc
2023-04-06 16:37:14,307 event.py: time-step:0 findUserPosition
2023-04-06 16:37:14,311 event.py: time-step:0 findUserPosition
2023-04-06 16:37:14,312 event.py: time-step:0 findUserPosition
2023-04-06 16:37:14,312 event.py: time-step:0 findUserPosition
2023-04-06 16:37:14,316 greedyAlloc.py: time-step:0 greedyAlloc
2023-04-06 16:37:15,977 greedyAlloc.py: time-step:0 num allocated users: 4
2023-04-06 16:37:15,977 greedyAlloc.py: time-step:0 allocated users: [('v2', 'gp1', 'c9968'), ('v3', 'gp1', 'c9893'), ('v1', 'gp1', 'c9452'), ('v0', 'gp1', 'c9166')]
2023-04-06 16:37:15,987 simMain.py: time-step:0 HEAP SIZE: 9
2023-04-06 16:37:15,987 simMain.py: time-step:0 HEAP: [(0, 6, <Event.ALLOCATE_USER: 1>), (0, 9, <Event.ALLOCATE_USER: 1>), (0, 7, <Event.ALLOCATE_USER: 1>), (2, 2, <Event.MOVE_USER: 0>), (2, 4, <Event.MOVE_USER: 0>), (2, 3, <Event.MOVE_USER: 0>), (0, 8, <Event.ALLOCATE_USER: 1>), (2, 5, <Event.MOVE_USER: 0>), (10, 10, <Event.CALL_OPT: 3>)]
2023-04-06 16:37:15,987 simMain.py: time-step:0 USERS LIST SIZE: 4
2023-04-06 16:37:15,987 simMain.py: time-step:0 USERS LATENCY: 0, 0, 0.0
2023-04-06 16:37:15,987 simMain.py: time-step:0 timingRoutine
2023-04-06 16:37:15,987 simMain.py: time-step:0 invokeRoutine
2023-04-06 16:37:15,987 simMain.py: time-step:0 CALLING EVENT  Event.ALLOCATE_USER
2023-04-06 16:37:15,987 event.py: time-step:0 execEvent
2023-04-06 16:37:15,987 event.py: time-step:0 allocateUser
2023-04-06 16:37:15,989 event.py: time-step:0 latencyFunction
2023-04-06 16:37:15,989 event.py: time-step:0 findUserPosition
2023-04-06 16:37:15,990 event.py: time-step:0 ----> USER LATENCY: v2: 0.6866032000661707
2023-04-06 16:37:15,990 simMain.py: time-step:0 HEAP SIZE: 8
2023-04-06 16:37:15,990 simMain.py: time-step:0 HEAP: [(0, 7, <Event.ALLOCATE_USER: 1>), (0, 9, <Event.ALLOCATE_USER: 1>), (0, 8, <Event.ALLOCATE_USER: 1>), (2, 2, <Event.MOVE_USER: 0>), (2, 4, <Event.MOVE_USER: 0>), (2, 3, <Event.MOVE_USER: 0>), (10, 10, <Event.CALL_OPT: 3>), (2, 5, <Event.MOVE_USER: 0>)]
2023-04-06 16:37:15,990 simMain.py: time-step:0 USERS LIST SIZE: 4
2023-04-06 16:37:15,990 simMain.py: time-step:0 USERS LATENCY: 0, 0, 0.0
2023-04-06 16:37:15,990 simMain.py: time-step:0 timingRoutine
2023-04-06 16:37:15,990 simMain.py: time-step:0 invokeRoutine
2023-04-06 16:37:15,990 simMain.py: time-step:0 CALLING EVENT  Event.ALLOCATE_USER
2023-04-06 16:37:15,991 event.py: time-step:0 execEvent
2023-04-06 16:37:15,991 event.py: time-step:0 allocateUser
2023-04-06 16:37:15,992 event.py: time-step:0 latencyFunction
2023-04-06 16:37:15,993 event.py: time-step:0 findUserPosition
2023-04-06 16:37:15,997 event.py: time-step:0 ----> USER LATENCY: v3: 0.4614783712438653
2023-04-06 16:37:15,997 simMain.py: time-step:0 HEAP SIZE: 7
2023-04-06 16:37:15,997 simMain.py: time-step:0 HEAP: [(0, 8, <Event.ALLOCATE_USER: 1>), (0, 9, <Event.ALLOCATE_USER: 1>), (2, 3, <Event.MOVE_USER: 0>), (2, 2, <Event.MOVE_USER: 0>), (2, 4, <Event.MOVE_USER: 0>), (2, 5, <Event.MOVE_USER: 0>), (10, 10, <Event.CALL_OPT: 3>)]
2023-04-06 16:37:15,997 simMain.py: time-step:0 USERS LIST SIZE: 4
2023-04-06 16:37:15,997 simMain.py: time-step:0 USERS LATENCY: 0, 0, 0.0
2023-04-06 16:37:15,997 simMain.py: time-step:0 timingRoutine
2023-04-06 16:37:15,997 simMain.py: time-step:0 invokeRoutine
2023-04-06 16:37:15,997 simMain.py: time-step:0 CALLING EVENT  Event.ALLOCATE_USER
2023-04-06 16:37:15,997 event.py: time-step:0 execEvent
2023-04-06 16:37:15,997 event.py: time-step:0 allocateUser
2023-04-06 16:37:15,999 event.py: time-step:0 latencyFunction
2023-04-06 16:37:15,999 event.py: time-step:0 findUserPosition
2023-04-06 16:37:16,001 event.py: time-step:0 ----> USER LATENCY: v1: 0.3499127138286545
2023-04-06 16:37:16,001 simMain.py: time-step:0 HEAP SIZE: 6
2023-04-06 16:37:16,001 simMain.py: time-step:0 HEAP: [(0, 9, <Event.ALLOCATE_USER: 1>), (2, 2, <Event.MOVE_USER: 0>), (2, 3, <Event.MOVE_USER: 0>), (10, 10, <Event.CALL_OPT: 3>), (2, 4, <Event.MOVE_USER: 0>), (2, 5, <Event.MOVE_USER: 0>)]
2023-04-06 16:37:16,001 simMain.py: time-step:0 USERS LIST SIZE: 4
2023-04-06 16:37:16,001 simMain.py: time-step:0 USERS LATENCY: 0, 0, 0.0
2023-04-06 16:37:16,001 simMain.py: time-step:0 timingRoutine
2023-04-06 16:37:16,001 simMain.py: time-step:0 invokeRoutine
2023-04-06 16:37:16,001 simMain.py: time-step:0 CALLING EVENT  Event.ALLOCATE_USER
2023-04-06 16:37:16,001 event.py: time-step:0 execEvent
2023-04-06 16:37:16,001 event.py: time-step:0 allocateUser
2023-04-06 16:37:16,003 event.py: time-step:0 latencyFunction
2023-04-06 16:37:16,003 event.py: time-step:0 findUserPosition
2023-04-06 16:37:16,006 event.py: time-step:0 ----> USER LATENCY: v0: 0.4171092734993628
2023-04-06 16:37:16,006 simMain.py: time-step:0 HEAP SIZE: 5
2023-04-06 16:37:16,006 simMain.py: time-step:0 HEAP: [(2, 2, <Event.MOVE_USER: 0>), (2, 4, <Event.MOVE_USER: 0>), (2, 3, <Event.MOVE_USER: 0>), (10, 10, <Event.CALL_OPT: 3>), (2, 5, <Event.MOVE_USER: 0>)]
2023-04-06 16:37:16,006 simMain.py: time-step:0 USERS LIST SIZE: 4
2023-04-06 16:37:16,006 simMain.py: time-step:0 USERS LATENCY: 0, 0, 0.0
2023-04-06 16:37:16,006 simMain.py: time-step:0 timingRoutine
2023-04-06 16:37:16,006 simMain.py: time-step:0 invokeRoutine
2023-04-06 16:37:16,006 simMain.py: time-step:0 CALLING EVENT  Event.MOVE_USER
2023-04-06 16:37:16,006 event.py: time-step:0 execEvent
2023-04-06 16:37:16,006 event.py: time-step:2 moveUser
2023-04-06 16:37:16,006 event.py: time-step:2 latencyFunction
2023-04-06 16:37:16,006 event.py: time-step:2 findUserPosition
2023-04-06 16:37:16,020 sim_utils.py: time-step:2 calcTimeToExec
2023-04-06 16:37:16,020 simMain.py: time-step:2 HEAP SIZE: 5
2023-04-06 16:37:16,020 simMain.py: time-step:2 HEAP: [(2, 3, <Event.MOVE_USER: 0>), (2, 4, <Event.MOVE_USER: 0>), (2, 5, <Event.MOVE_USER: 0>), (10, 10, <Event.CALL_OPT: 3>), (86.0, 11, <Event.MOVE_USER: 0>)]
2023-04-06 16:37:16,020 simMain.py: time-step:2 USERS LIST SIZE: 4
2023-04-06 16:37:16,020 simMain.py: time-step:2 USERS LATENCY: 0.4171092734993628, 0, 0.1042773183748407
2023-04-06 16:37:16,020 simMain.py: time-step:2 timingRoutine
2023-04-06 16:37:16,020 simMain.py: time-step:2 invokeRoutine
2023-04-06 16:37:16,020 simMain.py: time-step:2 CALLING EVENT  Event.MOVE_USER
2023-04-06 16:37:16,020 event.py: time-step:2 execEvent
2023-04-06 16:37:16,020 event.py: time-step:2 moveUser
2023-04-06 16:37:16,020 event.py: time-step:2 latencyFunction
2023-04-06 16:37:16,020 event.py: time-step:2 findUserPosition
2023-04-06 16:37:16,054 sim_utils.py: time-step:2 calcTimeToExec
2023-04-06 16:37:16,054 simMain.py: time-step:2 HEAP SIZE: 5
2023-04-06 16:37:16,054 simMain.py: time-step:2 HEAP: [(2, 4, <Event.MOVE_USER: 0>), (10, 10, <Event.CALL_OPT: 3>), (2, 5, <Event.MOVE_USER: 0>), (86.0, 11, <Event.MOVE_USER: 0>), (15.0, 12, <Event.MOVE_USER: 0>)]
2023-04-06 16:37:16,054 simMain.py: time-step:2 USERS LIST SIZE: 4
2023-04-06 16:37:16,054 simMain.py: time-step:2 USERS LATENCY: 0.4171092734993628, 0, 0.19175549683200432
2023-04-06 16:37:16,054 simMain.py: time-step:2 timingRoutine
2023-04-06 16:37:16,055 simMain.py: time-step:2 invokeRoutine
2023-04-06 16:37:16,055 simMain.py: time-step:2 CALLING EVENT  Event.MOVE_USER
2023-04-06 16:37:16,055 event.py: time-step:2 execEvent
2023-04-06 16:37:16,055 event.py: time-step:2 moveUser
2023-04-06 16:37:16,055 event.py: time-step:2 latencyFunction
2023-04-06 16:37:16,055 event.py: time-step:2 findUserPosition
2023-04-06 16:37:16,110 sim_utils.py: time-step:2 calcTimeToExec
2023-04-06 16:37:16,110 simMain.py: time-step:2 HEAP SIZE: 5
2023-04-06 16:37:16,110 simMain.py: time-step:2 HEAP: [(2, 5, <Event.MOVE_USER: 0>), (10, 10, <Event.CALL_OPT: 3>), (15.0, 12, <Event.MOVE_USER: 0>), (86.0, 11, <Event.MOVE_USER: 0>), (25.0, 13, <Event.MOVE_USER: 0>)]
2023-04-06 16:37:16,110 simMain.py: time-step:2 USERS LIST SIZE: 4
2023-04-06 16:37:16,110 simMain.py: time-step:2 USERS LATENCY: 0.6866032000661707, 0, 0.363406296848547
2023-04-06 16:37:16,110 simMain.py: time-step:2 timingRoutine
2023-04-06 16:37:16,110 simMain.py: time-step:2 invokeRoutine
2023-04-06 16:37:16,110 simMain.py: time-step:2 CALLING EVENT  Event.MOVE_USER
2023-04-06 16:37:16,110 event.py: time-step:2 execEvent
2023-04-06 16:37:16,110 event.py: time-step:2 moveUser
2023-04-06 16:37:16,110 event.py: time-step:2 latencyFunction
2023-04-06 16:37:16,110 event.py: time-step:2 findUserPosition
2023-04-06 16:37:16,139 sim_utils.py: time-step:2 calcTimeToExec
2023-04-06 16:37:16,139 simMain.py: time-step:2 HEAP SIZE: 5
2023-04-06 16:37:16,139 simMain.py: time-step:2 HEAP: [(10, 10, <Event.CALL_OPT: 3>), (20.0, 14, <Event.MOVE_USER: 0>), (15.0, 12, <Event.MOVE_USER: 0>), (86.0, 11, <Event.MOVE_USER: 0>), (25.0, 13, <Event.MOVE_USER: 0>)]
2023-04-06 16:37:16,139 simMain.py: time-step:2 USERS LIST SIZE: 4
2023-04-06 16:37:16,139 simMain.py: time-step:2 USERS LATENCY: 0.6866032000661707, 0.3499127138286545, 0.4787758896595133
2023-04-06 16:37:16,140 simMain.py: time-step:2 timingRoutine
2023-04-06 16:37:16,140 simMain.py: time-step:2 invokeRoutine
2023-04-06 16:37:16,140 simMain.py: time-step:2 CALLING EVENT  Event.CALL_OPT
2023-04-06 16:37:16,140 event.py: time-step:2 execEvent
2023-04-06 16:37:16,140 event.py: time-step:10 optimizeAlloc
2023-04-06 16:37:16,140 event.py: time-step:10 findUserPosition
2023-04-06 16:37:16,144 event.py: time-step:10 findUserPosition
2023-04-06 16:37:16,145 event.py: time-step:10 findUserPosition
2023-04-06 16:37:16,146 event.py: time-step:10 findUserPosition
2023-04-06 16:37:16,151 greedyAlloc.py: time-step:10 greedyAlloc
2023-04-06 16:37:17,863 greedyAlloc.py: time-step:10 num allocated users: 4
2023-04-06 16:37:17,863 greedyAlloc.py: time-step:10 allocated users: [('v2', 'gp1', 'c9968'), ('v3', 'gp1', 'c9893'), ('v1', 'gp1', 'c9452'), ('v0', 'gp1', 'c9166')]
2023-04-06 16:37:17,875 simMain.py: time-step:10 HEAP SIZE: 9
2023-04-06 16:37:17,875 simMain.py: time-step:10 HEAP: [(10, 15, <Event.ALLOCATE_USER: 1>), (10, 18, <Event.ALLOCATE_USER: 1>), (10, 16, <Event.ALLOCATE_USER: 1>), (15.0, 12, <Event.MOVE_USER: 0>), (20.0, 14, <Event.MOVE_USER: 0>), (25.0, 13, <Event.MOVE_USER: 0>), (10, 17, <Event.ALLOCATE_USER: 1>), (86.0, 11, <Event.MOVE_USER: 0>), (20, 19, <Event.CALL_OPT: 3>)]
2023-04-06 16:37:17,875 simMain.py: time-step:10 USERS LIST SIZE: 4
2023-04-06 16:37:17,875 simMain.py: time-step:10 USERS LATENCY: 0.6866032000661707, 0.3499127138286545, 0.4787758896595133
2023-04-06 16:37:17,875 simMain.py: time-step:10 timingRoutine
2023-04-06 16:37:17,875 simMain.py: time-step:10 invokeRoutine
2023-04-06 16:37:17,875 simMain.py: time-step:10 CALLING EVENT  Event.ALLOCATE_USER
2023-04-06 16:37:17,875 event.py: time-step:10 execEvent
2023-04-06 16:37:17,875 event.py: time-step:10 allocateUser
2023-04-06 16:37:17,877 event.py: time-step:10 latencyFunction
2023-04-06 16:37:17,877 event.py: time-step:10 findUserPosition
2023-04-06 16:37:17,878 event.py: time-step:10 ----> USER LATENCY: v2: 0.6866032000661707
2023-04-06 16:37:17,878 simMain.py: time-step:10 HEAP SIZE: 8
2023-04-06 16:37:17,878 simMain.py: time-step:10 HEAP: [(10, 16, <Event.ALLOCATE_USER: 1>), (10, 18, <Event.ALLOCATE_USER: 1>), (10, 17, <Event.ALLOCATE_USER: 1>), (15.0, 12, <Event.MOVE_USER: 0>), (20.0, 14, <Event.MOVE_USER: 0>), (25.0, 13, <Event.MOVE_USER: 0>), (20, 19, <Event.CALL_OPT: 3>), (86.0, 11, <Event.MOVE_USER: 0>)]
2023-04-06 16:37:17,878 simMain.py: time-step:10 USERS LIST SIZE: 4
2023-04-06 16:37:17,878 simMain.py: time-step:10 USERS LATENCY: 0.6866032000661707, 0.3499127138286545, 0.4787758896595133
2023-04-06 16:37:17,878 simMain.py: time-step:10 timingRoutine
2023-04-06 16:37:17,878 simMain.py: time-step:10 invokeRoutine
2023-04-06 16:37:17,878 simMain.py: time-step:10 CALLING EVENT  Event.ALLOCATE_USER
2023-04-06 16:37:17,878 event.py: time-step:10 execEvent
2023-04-06 16:37:17,878 event.py: time-step:10 allocateUser
2023-04-06 16:37:17,880 event.py: time-step:10 latencyFunction
2023-04-06 16:37:17,880 event.py: time-step:10 findUserPosition
2023-04-06 16:37:17,885 event.py: time-step:10 ----> USER LATENCY: v3: 0.4614783712438653
2023-04-06 16:37:17,885 simMain.py: time-step:10 HEAP SIZE: 7
2023-04-06 16:37:17,885 simMain.py: time-step:10 HEAP: [(10, 17, <Event.ALLOCATE_USER: 1>), (10, 18, <Event.ALLOCATE_USER: 1>), (20, 19, <Event.CALL_OPT: 3>), (15.0, 12, <Event.MOVE_USER: 0>), (20.0, 14, <Event.MOVE_USER: 0>), (25.0, 13, <Event.MOVE_USER: 0>), (86.0, 11, <Event.MOVE_USER: 0>)]
2023-04-06 16:37:17,885 simMain.py: time-step:10 USERS LIST SIZE: 4
2023-04-06 16:37:17,886 simMain.py: time-step:10 USERS LATENCY: 0.6866032000661707, 0.3499127138286545, 0.4787758896595133
2023-04-06 16:37:17,886 simMain.py: time-step:10 timingRoutine
2023-04-06 16:37:17,886 simMain.py: time-step:10 invokeRoutine
2023-04-06 16:37:17,886 simMain.py: time-step:10 CALLING EVENT  Event.ALLOCATE_USER
2023-04-06 16:37:17,886 event.py: time-step:10 execEvent
2023-04-06 16:37:17,886 event.py: time-step:10 allocateUser
2023-04-06 16:37:17,887 event.py: time-step:10 latencyFunction
2023-04-06 16:37:17,887 event.py: time-step:10 findUserPosition
2023-04-06 16:37:17,888 event.py: time-step:10 ----> USER LATENCY: v1: 0.3499127138286545
2023-04-06 16:37:17,888 simMain.py: time-step:10 HEAP SIZE: 6
2023-04-06 16:37:17,888 simMain.py: time-step:10 HEAP: [(10, 18, <Event.ALLOCATE_USER: 1>), (15.0, 12, <Event.MOVE_USER: 0>), (20, 19, <Event.CALL_OPT: 3>), (86.0, 11, <Event.MOVE_USER: 0>), (20.0, 14, <Event.MOVE_USER: 0>), (25.0, 13, <Event.MOVE_USER: 0>)]
2023-04-06 16:37:17,888 simMain.py: time-step:10 USERS LIST SIZE: 4
2023-04-06 16:37:17,888 simMain.py: time-step:10 USERS LATENCY: 0.6866032000661707, 0.3499127138286545, 0.4787758896595133
2023-04-06 16:37:17,888 simMain.py: time-step:10 timingRoutine
2023-04-06 16:37:17,888 simMain.py: time-step:10 invokeRoutine
2023-04-06 16:37:17,888 simMain.py: time-step:10 CALLING EVENT  Event.ALLOCATE_USER
2023-04-06 16:37:17,888 event.py: time-step:10 execEvent
2023-04-06 16:37:17,888 event.py: time-step:10 allocateUser
2023-04-06 16:37:17,889 event.py: time-step:10 latencyFunction
2023-04-06 16:37:17,889 event.py: time-step:10 findUserPosition
2023-04-06 16:37:17,892 event.py: time-step:10 ----> USER LATENCY: v0: 0.4171092734993628
2023-04-06 16:37:17,892 simMain.py: time-step:10 HEAP SIZE: 5
2023-04-06 16:37:17,892 simMain.py: time-step:10 HEAP: [(15.0, 12, <Event.MOVE_USER: 0>), (20.0, 14, <Event.MOVE_USER: 0>), (20, 19, <Event.CALL_OPT: 3>), (86.0, 11, <Event.MOVE_USER: 0>), (25.0, 13, <Event.MOVE_USER: 0>)]
2023-04-06 16:37:17,892 simMain.py: time-step:10 USERS LIST SIZE: 4
2023-04-06 16:37:17,892 simMain.py: time-step:10 USERS LATENCY: 0.6866032000661707, 0.3499127138286545, 0.4787758896595133
2023-04-06 16:37:17,892 simMain.py: time-step:10 timingRoutine
2023-04-06 16:37:17,892 simMain.py: time-step:10 invokeRoutine
2023-04-06 16:37:17,892 simMain.py: time-step:10 CALLING EVENT  Event.MOVE_USER
2023-04-06 16:37:17,892 event.py: time-step:10 execEvent
2023-04-06 16:37:17,892 event.py: time-step:15.0 moveUser
2023-04-06 16:37:17,892 event.py: time-step:15.0 latencyFunction
2023-04-06 16:37:17,892 event.py: time-step:15.0 findUserPosition
2023-04-06 16:37:17,913 sim_utils.py: time-step:15.0 calcTimeToExec
