2023-11-28 10:58:46,756 instanceGen.py:: time-step:0 main
2023-11-28 10:58:46,756 instanceGen.py:: time-step:0 createGraph
2023-11-28 10:58:48,105 simMain.py: time-step:0 startSimulation
2023-11-28 10:58:48,105 simMain.py: time-step:0 initHeap
2023-11-28 10:58:48,105 simMain.py: time-step:0 initSimClock
2023-11-28 10:58:48,105 simMain.py: time-step:0 initRoutine
2023-11-28 10:58:48,105 simMain.py: time-step:0 initCloudlets
2023-11-28 10:58:48,106 simMain.py: time-step:0 initUsers
2023-11-28 10:58:48,106 simMain.py: time-step:0 initialAllocation
2023-11-28 10:58:48,106 simMain.py: time-step:0 triggerUserPathEvents
2023-11-28 10:58:53,462 simMain.py: time-step:0 timingRoutine
2023-11-28 10:58:53,462 simMain.py: time-step:0 invokeRoutine
2023-11-28 10:58:53,462 simMain.py: time-step:0 CALLING EVENT  Event.INITIAL_ALLOCATION
2023-11-28 10:58:53,462 event.py: time-step:0 execEvent
2023-11-28 10:58:53,462 event.py: time-step:0 optimizeAlloc
2023-11-28 10:58:53,462 event.py: time-step:0 findUserPosition
2023-11-28 10:58:53,462 event.py: time-step:0 findUserPosition
2023-11-28 10:58:53,464 event.py: time-step:0 findUserPosition
2023-11-28 10:58:53,466 event.py: time-step:0 findUserPosition
2023-11-28 10:58:53,469 event.py: time-step:0 findUserPosition
2023-11-28 10:58:53,469 event.py: time-step:0 findUserPosition
2023-11-28 10:58:53,474 event.py: time-step:0 findUserPosition
2023-11-28 10:58:53,479 event.py: time-step:0 findUserPosition
2023-11-28 10:58:53,479 event.py: time-step:0 findUserPosition
2023-11-28 10:58:53,481 event.py: time-step:0 findUserPosition
2023-11-28 10:58:53,483 event.py: time-step:0 findUserPosition
2023-11-28 10:58:53,485 event.py: time-step:0 findUserPosition
2023-11-28 10:58:53,487 event.py: time-step:0 findUserPosition
2023-11-28 10:58:53,488 event.py: time-step:0 findUserPosition
2023-11-28 10:58:53,490 event.py: time-step:0 findUserPosition
2023-11-28 10:58:53,494 event.py: time-step:0 findUserPosition
2023-11-28 10:58:53,496 event.py: time-step:0 findUserPosition
2023-11-28 10:58:53,497 event.py: time-step:0 findUserPosition
2023-11-28 10:58:53,498 event.py: time-step:0 findUserPosition
2023-11-28 10:58:53,499 event.py: time-step:0 findUserPosition
2023-11-28 10:58:53,499 event.py: time-step:0 findUserPosition
2023-11-28 10:58:53,499 event.py: time-step:0 findUserPosition
2023-11-28 10:58:53,502 event.py: time-step:0 findUserPosition
2023-11-28 10:58:53,505 event.py: time-step:0 findUserPosition
2023-11-28 10:58:53,505 event.py: time-step:0 findUserPosition
2023-11-28 10:58:53,509 event.py: time-step:0 findUserPosition
2023-11-28 10:58:53,509 event.py: time-step:0 findUserPosition
2023-11-28 10:58:53,511 event.py: time-step:0 findUserPosition
2023-11-28 10:58:53,514 event.py: time-step:0 findUserPosition
2023-11-28 10:58:53,516 event.py: time-step:0 findUserPosition
2023-11-28 10:58:53,516 event.py: time-step:0 findUserPosition
2023-11-28 10:58:53,518 event.py: time-step:0 findUserPosition
2023-11-28 10:58:53,522 event.py: time-step:0 findUserPosition
2023-11-28 10:58:53,527 event.py: time-step:0 findUserPosition
2023-11-28 10:58:53,531 event.py: time-step:0 findUserPosition
2023-11-28 10:58:53,531 event.py: time-step:0 findUserPosition
2023-11-28 10:58:53,533 event.py: time-step:0 findUserPosition
2023-11-28 10:58:53,533 event.py: time-step:0 findUserPosition
2023-11-28 10:58:53,533 event.py: time-step:0 findUserPosition
2023-11-28 10:58:53,535 event.py: time-step:0 findUserPosition
2023-11-28 10:58:53,535 event.py: time-step:0 findUserPosition
2023-11-28 10:58:53,538 event.py: time-step:0 findUserPosition
2023-11-28 10:58:53,541 event.py: time-step:0 findUserPosition
2023-11-28 10:58:53,544 event.py: time-step:0 findUserPosition
2023-11-28 10:58:53,546 event.py: time-step:0 findUserPosition
2023-11-28 10:58:53,548 event.py: time-step:0 findUserPosition
2023-11-28 10:58:53,550 event.py: time-step:0 findUserPosition
2023-11-28 10:58:53,551 event.py: time-step:0 findUserPosition
2023-11-28 10:58:53,553 event.py: time-step:0 findUserPosition
2023-11-28 10:58:53,553 event.py: time-step:0 findUserPosition
2023-11-28 10:58:53,554 event.py: time-step:0 findUserPosition
2023-11-28 10:58:53,556 event.py: time-step:0 findUserPosition
2023-11-28 10:58:53,558 event.py: time-step:0 findUserPosition
2023-11-28 10:58:53,560 event.py: time-step:0 findUserPosition
2023-11-28 10:58:53,563 event.py: time-step:0 findUserPosition
2023-11-28 10:58:53,563 event.py: time-step:0 findUserPosition
2023-11-28 10:58:53,565 event.py: time-step:0 findUserPosition
2023-11-28 10:58:53,566 event.py: time-step:0 findUserPosition
2023-11-28 10:58:53,568 event.py: time-step:0 findUserPosition
2023-11-28 10:58:53,570 event.py: time-step:0 findUserPosition
2023-11-28 10:58:53,573 event.py: time-step:0 findUserPosition
2023-11-28 10:58:53,575 event.py: time-step:0 findUserPosition
2023-11-28 10:58:53,577 event.py: time-step:0 findUserPosition
2023-11-28 10:58:53,577 event.py: time-step:0 findUserPosition
2023-11-28 10:58:53,579 event.py: time-step:0 findUserPosition
2023-11-28 10:58:53,579 event.py: time-step:0 findUserPosition
2023-11-28 10:58:53,581 event.py: time-step:0 findUserPosition
2023-11-28 10:58:53,583 event.py: time-step:0 findUserPosition
2023-11-28 10:58:53,583 event.py: time-step:0 findUserPosition
2023-11-28 10:58:53,583 event.py: time-step:0 findUserPosition
2023-11-28 10:58:53,585 event.py: time-step:0 findUserPosition
2023-11-28 10:58:53,585 event.py: time-step:0 findUserPosition
2023-11-28 10:58:53,587 event.py: time-step:0 findUserPosition
2023-11-28 10:58:53,589 event.py: time-step:0 findUserPosition
2023-11-28 10:58:53,591 event.py: time-step:0 findUserPosition
2023-11-28 10:58:53,591 event.py: time-step:0 findUserPosition
2023-11-28 10:58:53,594 event.py: time-step:0 findUserPosition
2023-11-28 10:58:53,594 event.py: time-step:0 findUserPosition
2023-11-28 10:58:53,597 event.py: time-step:0 findUserPosition
2023-11-28 10:58:53,598 event.py: time-step:0 findUserPosition
2023-11-28 10:58:53,599 event.py: time-step:0 findUserPosition
2023-11-28 10:58:53,601 event.py: time-step:0 findUserPosition
2023-11-28 10:58:53,601 event.py: time-step:0 findUserPosition
2023-11-28 10:58:53,603 event.py: time-step:0 findUserPosition
2023-11-28 10:59:02,763 event.py: time-step:0 allocationAlgorithm
2023-11-28 10:59:02,784 Set parameter Username
2023-11-28 10:59:02,804 Academic license - for non-commercial use only - expires 2024-05-16
2023-11-28 10:59:06,769 lp_alloc_mult.py: time-step:0 OPTIMIZATION TIME LIMIT REACHED!
2023-11-28 10:59:07,635 event.py: time-step:0 getLatencies
2023-11-28 10:59:07,635 event.py: time-step:0 findUserPosition
2023-11-28 10:59:07,639 event.py: time-step:0 findUserPosition
2023-11-28 10:59:07,644 event.py: time-step:0 findUserPosition
2023-11-28 10:59:07,646 event.py: time-step:0 findUserPosition
2023-11-28 10:59:07,648 event.py: time-step:0 findUserPosition
2023-11-28 10:59:07,650 event.py: time-step:0 findUserPosition
2023-11-28 10:59:07,652 event.py: time-step:0 findUserPosition
2023-11-28 10:59:07,654 event.py: time-step:0 findUserPosition
2023-11-28 10:59:07,659 event.py: time-step:0 findUserPosition
2023-11-28 10:59:07,661 event.py: time-step:0 findUserPosition
2023-11-28 10:59:07,663 event.py: time-step:0 findUserPosition
2023-11-28 10:59:07,665 event.py: time-step:0 findUserPosition
2023-11-28 10:59:07,667 event.py: time-step:0 findUserPosition
2023-11-28 10:59:07,670 event.py: time-step:0 findUserPosition
2023-11-28 10:59:07,675 event.py: time-step:0 findUserPosition
2023-11-28 10:59:07,679 event.py: time-step:0 findUserPosition
2023-11-28 10:59:07,681 event.py: time-step:0 findUserPosition
2023-11-28 10:59:07,686 event.py: time-step:0 findUserPosition
2023-11-28 10:59:07,692 event.py: time-step:0 findUserPosition
2023-11-28 10:59:07,696 event.py: time-step:0 findUserPosition
2023-11-28 10:59:07,699 event.py: time-step:0 findUserPosition
2023-11-28 10:59:07,701 event.py: time-step:0 findUserPosition
2023-11-28 10:59:07,704 event.py: time-step:0 findUserPosition
2023-11-28 10:59:07,710 event.py: time-step:0 findUserPosition
2023-11-28 10:59:07,713 event.py: time-step:0 findUserPosition
2023-11-28 10:59:07,716 event.py: time-step:0 findUserPosition
2023-11-28 10:59:07,718 event.py: time-step:0 findUserPosition
2023-11-28 10:59:07,723 event.py: time-step:0 findUserPosition
2023-11-28 10:59:07,726 event.py: time-step:0 findUserPosition
2023-11-28 10:59:07,728 event.py: time-step:0 findUserPosition
2023-11-28 10:59:07,731 event.py: time-step:0 findUserPosition
2023-11-28 10:59:07,734 event.py: time-step:0 findUserPosition
2023-11-28 10:59:07,736 event.py: time-step:0 findUserPosition
2023-11-28 10:59:07,741 event.py: time-step:0 findUserPosition
2023-11-28 10:59:07,744 event.py: time-step:0 findUserPosition
2023-11-28 10:59:07,747 event.py: time-step:0 findUserPosition
2023-11-28 10:59:07,750 event.py: time-step:0 findUserPosition
2023-11-28 10:59:07,752 event.py: time-step:0 findUserPosition
2023-11-28 10:59:07,756 event.py: time-step:0 findUserPosition
2023-11-28 10:59:07,763 event.py: time-step:0 findUserPosition
2023-11-28 10:59:07,766 event.py: time-step:0 findUserPosition
2023-11-28 10:59:07,769 event.py: time-step:0 findUserPosition
2023-11-28 10:59:07,773 event.py: time-step:0 findUserPosition
2023-11-28 10:59:07,773 event.py: time-step:0 findUserPosition
2023-11-28 10:59:07,774 event.py: time-step:0 findUserPosition
2023-11-28 10:59:07,775 event.py: time-step:0 findUserPosition
2023-11-28 10:59:07,775 event.py: time-step:0 findUserPosition
2023-11-28 10:59:07,776 event.py: time-step:0 findUserPosition
2023-11-28 10:59:07,777 event.py: time-step:0 findUserPosition
2023-11-28 10:59:07,777 event.py: time-step:0 findUserPosition
2023-11-28 10:59:07,778 event.py: time-step:0 findUserPosition
2023-11-28 10:59:07,779 event.py: time-step:0 findUserPosition
2023-11-28 10:59:07,779 event.py: time-step:0 findUserPosition
2023-11-28 10:59:07,780 event.py: time-step:0 findUserPosition
2023-11-28 10:59:07,780 event.py: time-step:0 findUserPosition
2023-11-28 10:59:07,781 event.py: time-step:0 findUserPosition
2023-11-28 10:59:07,781 event.py: time-step:0 findUserPosition
2023-11-28 10:59:07,783 event.py: time-step:0 findUserPosition
2023-11-28 10:59:07,783 event.py: time-step:0 findUserPosition
2023-11-28 10:59:07,784 event.py: time-step:0 findUserPosition
2023-11-28 10:59:07,784 event.py: time-step:0 findUserPosition
2023-11-28 10:59:07,784 event.py: time-step:0 findUserPosition
2023-11-28 10:59:07,785 event.py: time-step:0 findUserPosition
2023-11-28 10:59:07,785 event.py: time-step:0 findUserPosition
2023-11-28 10:59:07,786 event.py: time-step:0 findUserPosition
2023-11-28 10:59:07,786 event.py: time-step:0 findUserPosition
2023-11-28 10:59:07,787 event.py: time-step:0 findUserPosition
2023-11-28 10:59:07,787 event.py: time-step:0 findUserPosition
2023-11-28 10:59:07,794 simMain.py: time-step:0 SIMULATION TIME LIMIT REACHED!
2023-11-28 10:59:07,794 simMain.py: time-step:0 SIMULATION FINISHED
2023-11-28 10:59:07,794 simMain.py: time-step:0 TOTAL TIME: 19.68886709213257
2023-11-28 10:59:07,794 sim_stats.py: time-step:0 writeReport
